<?xml version="1.0" encoding="UTF-8"?>
<!-- Generated by org.testng.reporters.JUnitXMLReporter -->
<testsuite ignored="0" hostname="Rakib-Ansar" failures="0" tests="1" name="Test_ALL" time="5.29" errors="0" timestamp="2024-07-01T11:43:21 IST">
  <testcase classname="TestcasesADGM.LoginTestcasesADGM" name="@BeforeMethod launch" time="5.22">
    <failure type="java.lang.IllegalArgumentException" message="Cannot find elements when the XPath is null.">
      <![CDATA[java.lang.IllegalArgumentException: Cannot find elements when the XPath is null.
at org.openqa.selenium.internal.Require$ArgumentChecker.nonNull(Require.java:208)
at org.openqa.selenium.By$ByXPath.<init>(By.java:286)
at org.openqa.selenium.By.xpath(By.java:89)
at BasicUtility.BaseADGM.webURL(BaseADGM.java:52)
at TestcasesADGM.LoginTestcasesADGM.launch(LoginTestcasesADGM.java:25)
at java.base/java.util.ArrayList.forEach(ArrayList.java:1597)
... Removed 29 stack frames]]>
    </failure>
  </testcase> <!-- @BeforeMethod launch -->
  <testcase classname="TestcasesADGM.LoginTestcasesADGM" name="@AfterMethod quit" time="-1.719814401699E9">
    <skipped/>
  </testcase> <!-- @AfterMethod quit -->
  <testcase classname="TestcasesADGM.LoginTestcasesADGM" name="loginSF" time="0.0">
    <skipped/>
  </testcase> <!-- loginSF -->
</testsuite> <!-- Test_ALL -->
